c:\users\eg\source\repos\proyecto1edd\proyecto1edd\debug\proyecto1edd.pch
c:\users\eg\source\repos\proyecto1edd\proyecto1edd\debug\vc141.pdb
c:\users\eg\source\repos\proyecto1edd\proyecto1edd\debug\vc141.idb
c:\users\eg\source\repos\proyecto1edd\proyecto1edd\debug\pch.obj
c:\users\eg\source\repos\proyecto1edd\proyecto1edd\debug\nodoimagenusuario.obj
c:\users\eg\source\repos\proyecto1edd\proyecto1edd\debug\nodocontenido.obj
c:\users\eg\source\repos\proyecto1edd\proyecto1edd\debug\nodocapa.obj
c:\users\eg\source\repos\proyecto1edd\proyecto1edd\debug\nodocabecera_imagen.obj
c:\users\eg\source\repos\proyecto1edd\proyecto1edd\debug\nodocabecera.obj
c:\users\eg\source\repos\proyecto1edd\proyecto1edd\debug\nodoavl.obj
c:\users\eg\source\repos\proyecto1edd\proyecto1edd\debug\nodoarbol.obj
c:\users\eg\source\repos\proyecto1edd\proyecto1edd\debug\menu.obj
c:\users\eg\source\repos\proyecto1edd\proyecto1edd\debug\matrizdispersa.obj
c:\users\eg\source\repos\proyecto1edd\proyecto1edd\debug\listavertical.obj
c:\users\eg\source\repos\proyecto1edd\proyecto1edd\debug\listalate.obj
c:\users\eg\source\repos\proyecto1edd\proyecto1edd\debug\listaimagenesusuariocpp.obj
c:\users\eg\source\repos\proyecto1edd\proyecto1edd\debug\listaimagenes.obj
c:\users\eg\source\repos\proyecto1edd\proyecto1edd\debug\listaim.obj
c:\users\eg\source\repos\proyecto1edd\proyecto1edd\debug\listahorizontal.obj
c:\users\eg\source\repos\proyecto1edd\proyecto1edd\debug\listacapas.obj
c:\users\eg\source\repos\proyecto1edd\proyecto1edd\debug\datomatriz.obj
c:\users\eg\source\repos\proyecto1edd\proyecto1edd\debug\cabecera.obj
c:\users\eg\source\repos\proyecto1edd\proyecto1edd\debug\arbolbinariobusqueda.obj
c:\users\eg\source\repos\proyecto1edd\proyecto1edd\debug\arbolavl.obj
c:\users\eg\source\repos\proyecto1edd\proyecto1edd\debug\proyecto1edd.obj
c:\users\eg\source\repos\proyecto1edd\proyecto1edd\debug\nodolateral.obj
c:\users\eg\source\repos\proyecto1edd\debug\proyecto1edd.ilk
c:\users\eg\source\repos\proyecto1edd\debug\proyecto1edd.exe
c:\users\eg\source\repos\proyecto1edd\debug\proyecto1edd.pdb
c:\users\eg\source\repos\proyecto1edd\proyecto1edd\debug\proyecto1edd.tlog\cl.command.1.tlog
c:\users\eg\source\repos\proyecto1edd\proyecto1edd\debug\proyecto1edd.tlog\cl.read.1.tlog
c:\users\eg\source\repos\proyecto1edd\proyecto1edd\debug\proyecto1edd.tlog\cl.write.1.tlog
c:\users\eg\source\repos\proyecto1edd\proyecto1edd\debug\proyecto1edd.tlog\link.command.1.tlog
c:\users\eg\source\repos\proyecto1edd\proyecto1edd\debug\proyecto1edd.tlog\link.read.1.tlog
c:\users\eg\source\repos\proyecto1edd\proyecto1edd\debug\proyecto1edd.tlog\link.write.1.tlog
